<?xml version="1.0" encoding="UTF-8"?>
<!-- Generated by org.testng.reporters.JUnitReportReporter -->
<testsuite hostname="Yamee" failures="0" tests="3" name="com.flexiquiz.qa.testcases.HomePageTestCases" time="8.100" errors="0" timestamp="2023-11-18T22:06:08 GMT" skipped="0">
  <testcase classname="com.flexiquiz.qa.testcases.HomePageTestCases" name="navigateToLoginPageTest" time="2.131"/>
  <testcase classname="com.flexiquiz.qa.testcases.HomePageTestCases" name="verifyHomePageTitleTest" time="4.104"/>
  <testcase classname="com.flexiquiz.qa.testcases.HomePageTestCases" name="flexiLogoImageTest" time="1.865"/>
</testsuite> <!-- com.flexiquiz.qa.testcases.HomePageTestCases -->
