<?xml version="1.0" encoding="UTF-8"?>
<!-- Generated by org.testng.reporters.JUnitReportReporter -->
<testsuite hostname="Yamee" failures="0" tests="1" name="com.flexiquiz.qa.testcases.LoginPageTestCases" time="6.177" errors="0" timestamp="2023-10-24T03:06:42 BST" skipped="0">
  <testcase classname="com.flexiquiz.qa.testcases.LoginPageTestCases" name="loginPageTest" time="6.177"/>
</testsuite> <!-- com.flexiquiz.qa.testcases.LoginPageTestCases -->
