<?xml version="1.0" encoding="UTF-8"?>
<!-- Generated by org.testng.reporters.JUnitReportReporter -->
<testsuite hostname="Yamee" failures="0" tests="3" name="com.flexiquiz.qa.testcases.HomePageTestCases" time="6.060" errors="0" timestamp="2023-12-02T18:40:59 GMT" skipped="0">
  <testcase classname="com.flexiquiz.qa.testcases.HomePageTestCases" name="navigateToLoginPageTest" time="2.393"/>
  <testcase classname="com.flexiquiz.qa.testcases.HomePageTestCases" name="flexiLogoImageTest" time="1.859"/>
  <testcase classname="com.flexiquiz.qa.testcases.HomePageTestCases" name="verifyHomePageTitleTest" time="1.808"/>
</testsuite> <!-- com.flexiquiz.qa.testcases.HomePageTestCases -->
