<?xml version="1.0" encoding="UTF-8"?>
<!-- Generated by org.testng.reporters.JUnitReportReporter -->
<testsuite hostname="Yamee" failures="0" tests="7" name="com.flexiquiz.qa.testcases.DashboradPageTestCases" time="73.501" errors="0" timestamp="2023-11-18T22:06:08 GMT" skipped="0">
  <testcase classname="com.flexiquiz.qa.testcases.DashboradPageTestCases" name="addItemNewQuestionForSingleChoiceDropdownWithTwoOptTestCase" time="10.440"/>
  <testcase classname="com.flexiquiz.qa.testcases.DashboradPageTestCases" name="addItemNewQuestionForSingleChoiceRadioWithFourOptTestCase" time="10.488"/>
  <testcase classname="com.flexiquiz.qa.testcases.DashboradPageTestCases" name="addItemNewQuestionForSingleChoiceRadioWithFourOptTestCase" time="10.318"/>
  <testcase classname="com.flexiquiz.qa.testcases.DashboradPageTestCases" name="fillInTheBlanksQuizTestCase" time="10.304"/>
  <testcase classname="com.flexiquiz.qa.testcases.DashboradPageTestCases" name="multipleChoiceWithFourOptnTestCase" time="10.446"/>
  <testcase classname="com.flexiquiz.qa.testcases.DashboradPageTestCases" name="createNewQuizNameTest" time="11.026"/>
  <testcase classname="com.flexiquiz.qa.testcases.DashboradPageTestCases" name="addItemNewQuestionForSingleChoiceDropdownWithFourOptTestCase" time="10.479"/>
</testsuite> <!-- com.flexiquiz.qa.testcases.DashboradPageTestCases -->
