<?xml version="1.0" encoding="UTF-8"?>
<!-- Generated by org.testng.reporters.JUnitReportReporter -->
<testsuite hostname="Yamee" failures="0" tests="3" name="com.flexiquiz.qa.testcases.HomePageTestCases" time="8.586" errors="0" timestamp="2023-11-19T01:28:52 GMT" skipped="0">
  <testcase classname="com.flexiquiz.qa.testcases.HomePageTestCases" name="navigateToLoginPageTest" time="2.486"/>
  <testcase classname="com.flexiquiz.qa.testcases.HomePageTestCases" name="verifyHomePageTitleTest" time="2.091"/>
  <testcase classname="com.flexiquiz.qa.testcases.HomePageTestCases" name="flexiLogoImageTest" time="4.009"/>
</testsuite> <!-- com.flexiquiz.qa.testcases.HomePageTestCases -->
