<?xml version="1.0" encoding="UTF-8"?>
<!-- Generated by org.testng.reporters.JUnitReportReporter -->
<testsuite hostname="Yamee" failures="0" tests="1" name="com.flexiquiz.qa.testcases.HomePageTestCases" time="3.360" errors="0" timestamp="2023-10-24T01:43:53 BST" skipped="0">
  <testcase classname="com.flexiquiz.qa.testcases.HomePageTestCases" name="navigateToLoginPageTest" time="3.360"/>
</testsuite> <!-- com.flexiquiz.qa.testcases.HomePageTestCases -->
