<?xml version="1.0" encoding="UTF-8"?>
<!-- Generated by org.testng.reporters.JUnitReportReporter -->
<testsuite hostname="Yamee" failures="0" tests="2" name="com.flexiquiz.qa.testcases.LoginPageTestCases" time="7.423" errors="0" timestamp="2023-11-19T01:28:52 GMT" skipped="0">
  <testcase classname="com.flexiquiz.qa.testcases.LoginPageTestCases" name="rememberMeCheckBoxTest" time="2.556"/>
  <testcase classname="com.flexiquiz.qa.testcases.LoginPageTestCases" name="loginPageTest" time="4.867"/>
</testsuite> <!-- com.flexiquiz.qa.testcases.LoginPageTestCases -->
