<?xml version="1.0" encoding="UTF-8"?>
<!-- Generated by org.testng.reporters.JUnitReportReporter -->
<testsuite hostname="Yamee" failures="0" tests="2" name="com.flexiquiz.qa.testcases.LoginPageTestCases" time="6.644" errors="0" timestamp="2023-12-02T18:40:59 GMT" skipped="0">
  <testcase classname="com.flexiquiz.qa.testcases.LoginPageTestCases" name="loginPageTest" time="4.319"/>
  <testcase classname="com.flexiquiz.qa.testcases.LoginPageTestCases" name="rememberMeCheckBoxTest" time="2.325"/>
</testsuite> <!-- com.flexiquiz.qa.testcases.LoginPageTestCases -->
