<?xml version="1.0" encoding="UTF-8"?>
<!-- Generated by org.testng.reporters.JUnitReportReporter -->
<testsuite hostname="Yamee" failures="0" tests="7" name="com.flexiquiz.qa.testcases.DashboradPageTestCases" time="79.644" errors="0" timestamp="2023-12-02T18:40:59 GMT" skipped="0">
  <testcase classname="com.flexiquiz.qa.testcases.DashboradPageTestCases" name="createNewQuizNameTest" time="13.781"/>
  <testcase classname="com.flexiquiz.qa.testcases.DashboradPageTestCases" name="addItemNewQuestionForSingleChoiceRadioWithFourOptTestCase" time="10.913"/>
  <testcase classname="com.flexiquiz.qa.testcases.DashboradPageTestCases" name="addItemNewQuestionForSingleChoiceRadioWithFourOptTestCase" time="11.163"/>
  <testcase classname="com.flexiquiz.qa.testcases.DashboradPageTestCases" name="addItemNewQuestionForSingleChoiceDropdownWithTwoOptTestCase" time="10.875"/>
  <testcase classname="com.flexiquiz.qa.testcases.DashboradPageTestCases" name="multipleChoiceWithFourOptnTestCase" time="11.105"/>
  <testcase classname="com.flexiquiz.qa.testcases.DashboradPageTestCases" name="addItemNewQuestionForSingleChoiceDropdownWithFourOptTestCase" time="10.821"/>
  <testcase classname="com.flexiquiz.qa.testcases.DashboradPageTestCases" name="fillInTheBlanksQuizTestCase" time="10.986"/>
</testsuite> <!-- com.flexiquiz.qa.testcases.DashboradPageTestCases -->
