<?xml version="1.0" encoding="UTF-8"?>
<!-- Generated by org.testng.reporters.JUnitReportReporter -->
<testsuite hostname="Yamee" failures="0" tests="3" name="com.flexiquiz.qa.testcases.HomePageTestCases" time="8.604" errors="0" timestamp="2023-11-19T21:49:26 GMT" skipped="0">
  <testcase classname="com.flexiquiz.qa.testcases.HomePageTestCases" name="flexiLogoImageTest" time="2.093"/>
  <testcase classname="com.flexiquiz.qa.testcases.HomePageTestCases" name="navigateToLoginPageTest" time="2.454"/>
  <testcase classname="com.flexiquiz.qa.testcases.HomePageTestCases" name="verifyHomePageTitleTest" time="4.057"/>
</testsuite> <!-- com.flexiquiz.qa.testcases.HomePageTestCases -->
