<?xml version="1.0" encoding="UTF-8"?>
<!-- Generated by org.testng.reporters.JUnitReportReporter -->
<testsuite hostname="Yamee" failures="0" tests="1" name="com.flexiquiz.qa.testcases.DashboradPageTestCases" time="14.647" errors="0" timestamp="2023-10-24T19:04:28 BST" skipped="0">
  <testcase classname="com.flexiquiz.qa.testcases.DashboradPageTestCases" name="fillInTheBlanksQuizTestCase" time="14.647"/>
</testsuite> <!-- com.flexiquiz.qa.testcases.DashboradPageTestCases -->
